<?xml version="1.0" encoding="UTF-8"?>
<!-- Generated by org.testng.reporters.JUnitReportReporter -->
<testsuite skipped="0" hostname="SBWIN595" name="com.nordson.testCases.TC_Registration_DDT_002" tests="1" failures="0" timestamp="2021-06-04T10:08:22 IST" time="24.032" errors="0">
  <testcase name="RegistrationDDT" time="24.032" classname="com.nordson.testCases.TC_Registration_DDT_002"/>
  <system-out/>
</testsuite> <!-- com.nordson.testCases.TC_Registration_DDT_002 -->
